[03:25:21] [User Authenticator #14/INFO]: UUID of player Sassui is d6adf6e7-1335-4cea-bd0a-4469630d989c
[03:25:22] [Server thread/INFO]: Sassui[/177.245.87.168:50982] logged in with entity id 121495 at ([world]-2.537205469956003, 104.0, -43.179506093338446)
[03:26:16] [Server thread/WARN]: Can't keep up! Is the server overloaded? Running 5043ms or 100 ticks behind
[03:26:53] [Server thread/WARN]: Can't keep up! Is the server overloaded? Running 6879ms or 137 ticks behind
[03:27:31] [Server thread/WARN]: Can't keep up! Is the server overloaded? Running 8541ms or 170 ticks behind
[03:28:11] [Server thread/WARN]: Can't keep up! Is the server overloaded? Running 9590ms or 191 ticks behind
[03:28:48] [Server thread/WARN]: Can't keep up! Is the server overloaded? Running 7326ms or 146 ticks behind
[03:29:27] [Server thread/WARN]: Can't keep up! Is the server overloaded? Running 9025ms or 180 ticks behind
[03:57:55] [Server thread/WARN]: Can't keep up! Is the server overloaded? Running 5016ms or 100 ticks behind
[04:21:40] [Server thread/INFO]: Sassui lost connection: Disconnected
[04:21:40] [Server thread/INFO]: Sassui left the game
[04:25:08] [User Authenticator #15/INFO]: UUID of player Sassui is d6adf6e7-1335-4cea-bd0a-4469630d989c
[04:25:09] [Server thread/INFO]: Sassui[/177.245.87.168:51120] logged in with entity id 124220 at ([world]-60.7851421837617, 87.0, -204.27236206251524)
[04:38:42] [Server thread/WARN]: Can't keep up! Is the server overloaded? Running 5439ms or 108 ticks behind
[04:39:23] [Server thread/WARN]: Can't keep up! Is the server overloaded? Running 11389ms or 227 ticks behind
[04:39:49] [Server thread/INFO]: Sassui lost connection: Disconnected
[04:39:49] [Server thread/INFO]: Sassui left the game
[10:13:01] [User Authenticator #16/INFO]: UUID of player Sassui is d6adf6e7-1335-4cea-bd0a-4469630d989c
[10:13:01] [Server thread/INFO]: Sassui[/177.245.87.168:53495] logged in with entity id 124795 at ([world]-70.47786616072898, 86.0, -108.37880763877241)
[10:13:27] [Server thread/INFO]: Sassui lost connection: Disconnected
[10:13:27] [Server thread/INFO]: Sassui left the game
[12:06:36] [User Authenticator #17/INFO]: UUID of player Sassui is d6adf6e7-1335-4cea-bd0a-4469630d989c
[12:06:36] [Server thread/INFO]: Sassui[/177.245.87.168:54014] logged in with entity id 124901 at ([world]-70.47786616072898, 86.0, -108.37880763877241)
[12:06:56] [Server thread/WARN]: Can't keep up! Is the server overloaded? Running 5007ms or 100 ticks behind
[12:07:42] [Server thread/WARN]: Can't keep up! Is the server overloaded? Running 15189ms or 303 ticks behind
[12:08:20] [Server thread/WARN]: Can't keep up! Is the server overloaded? Running 8203ms or 164 ticks behind
[12:08:55] [Server thread/WARN]: Can't keep up! Is the server overloaded? Running 5423ms or 108 ticks behind
[12:09:47] [Server thread/WARN]: Can't keep up! Is the server overloaded? Running 21774ms or 435 ticks behind
[12:10:22] [Server thread/WARN]: Can't keep up! Is the server overloaded? Running 5216ms or 104 ticks behind
[12:11:19] [Server thread/WARN]: Can't keep up! Is the server overloaded? Running 5002ms or 100 ticks behind
[12:12:32] [Server thread/WARN]: Can't keep up! Is the server overloaded? Running 5001ms or 100 ticks behind
[12:13:10] [Server thread/WARN]: Can't keep up! Is the server overloaded? Running 8618ms or 172 ticks behind
[12:13:47] [Server thread/WARN]: Can't keep up! Is the server overloaded? Running 5013ms or 100 ticks behind
[12:14:26] [Server thread/WARN]: Can't keep up! Is the server overloaded? Running 8719ms or 174 ticks behind
[12:15:03] [Server thread/WARN]: Can't keep up! Is the server overloaded? Running 7580ms or 151 ticks behind
[12:15:41] [Server thread/WARN]: Can't keep up! Is the server overloaded? Running 8230ms or 164 ticks behind
[12:16:23] [Server thread/WARN]: Can't keep up! Is the server overloaded? Running 11918ms or 238 ticks behind
[12:17:00] [Server thread/WARN]: Can't keep up! Is the server overloaded? Running 6758ms or 135 ticks behind
[12:17:37] [Server thread/WARN]: Can't keep up! Is the server overloaded? Running 5016ms or 100 ticks behind
[12:27:29] [Server thread/INFO]: Sassui issued server command: /home peakcastle
[12:27:55] [Server thread/WARN]: Can't keep up! Is the server overloaded? Running 5111ms or 102 ticks behind
[12:48:28] [Server thread/WARN]: Can't keep up! Is the server overloaded? Running 5027ms or 100 ticks behind
[12:49:31] [Server thread/WARN]: Can't keep up! Is the server overloaded? Running 5043ms or 100 ticks behind
[12:50:15] [Server thread/WARN]: Can't keep up! Is the server overloaded? Running 13719ms or 274 ticks behind
[12:50:54] [Server thread/WARN]: Can't keep up! Is the server overloaded? Running 8668ms or 173 ticks behind
[12:51:42] [Server thread/WARN]: Can't keep up! Is the server overloaded? Running 5075ms or 101 ticks behind
[12:54:03] [Server thread/WARN]: Can't keep up! Is the server overloaded? Running 5124ms or 102 ticks behind
[12:54:51] [Server thread/WARN]: Can't keep up! Is the server overloaded? Running 5007ms or 100 ticks behind
[12:55:34] [Server thread/WARN]: Can't keep up! Is the server overloaded? Running 13008ms or 260 ticks behind
[12:56:15] [Server thread/WARN]: Can't keep up! Is the server overloaded? Running 10991ms or 219 ticks behind
[12:56:55] [Server thread/WARN]: Can't keep up! Is the server overloaded? Running 10270ms or 205 ticks behind
[12:57:33] [Server thread/WARN]: Can't keep up! Is the server overloaded? Running 5011ms or 100 ticks behind
[12:58:01] [Server thread/INFO]: Sassui issued server command: /home peakcastle
[12:58:18] [Server thread/WARN]: Can't keep up! Is the server overloaded? Running 15324ms or 306 ticks behind
[13:00:22] [Server thread/INFO]: Sassui issued server command: /home peakcastle
[13:00:46] [Server thread/WARN]: Can't keep up! Is the server overloaded? Running 5012ms or 100 ticks behind
[13:01:23] [Server thread/WARN]: Can't keep up! Is the server overloaded? Running 6952ms or 139 ticks behind
[13:02:02] [Server thread/WARN]: Can't keep up! Is the server overloaded? Running 9307ms or 186 ticks behind
[13:02:40] [Server thread/WARN]: Can't keep up! Is the server overloaded? Running 7896ms or 157 ticks behind
[13:03:21] [Server thread/WARN]: Can't keep up! Is the server overloaded? Running 10793ms or 215 ticks behind
[13:04:03] [Server thread/WARN]: Can't keep up! Is the server overloaded? Running 12342ms or 246 ticks behind
[13:04:43] [Server thread/WARN]: Can't keep up! Is the server overloaded? Running 9866ms or 197 ticks behind
[13:05:24] [Server thread/WARN]: Can't keep up! Is the server overloaded? Running 11159ms or 223 ticks behind
[13:06:07] [Server thread/WARN]: Can't keep up! Is the server overloaded? Running 12259ms or 245 ticks behind
[13:06:46] [Server thread/WARN]: Can't keep up! Is the server overloaded? Running 9684ms or 193 ticks behind
[13:07:26] [Server thread/WARN]: Can't keep up! Is the server overloaded? Running 10128ms or 202 ticks behind
[13:07:38] [Server thread/INFO]: Sassui issued server command: /home peakcastle
[13:08:57] [Server thread/WARN]: Can't keep up! Is the server overloaded? Running 5029ms or 100 ticks behind
[13:09:55] [Server thread/WARN]: Can't keep up! Is the server overloaded? Running 5006ms or 100 ticks behind
[13:10:37] [Server thread/WARN]: Can't keep up! Is the server overloaded? Running 12274ms or 245 ticks behind
[13:11:19] [Server thread/WARN]: Can't keep up! Is the server overloaded? Running 11815ms or 236 ticks behind
[13:12:00] [Server thread/WARN]: Can't keep up! Is the server overloaded? Running 11234ms or 224 ticks behind
[13:12:41] [Server thread/WARN]: Can't keep up! Is the server overloaded? Running 11406ms or 228 ticks behind
[13:13:22] [Server thread/WARN]: Can't keep up! Is the server overloaded? Running 10840ms or 216 ticks behind
[13:17:27] [Server thread/INFO]: Sassui issued server command: /home peakcastle
[13:17:51] [Server thread/WARN]: Can't keep up! Is the server overloaded? Running 5003ms or 100 ticks behind
[13:18:02] [Server thread/INFO]: Sassui issued server command: /back
[13:40:45] [Server thread/INFO]: Sassui issued server command: /home peakcastle
[13:40:56] [Server thread/WARN]: Can't keep up! Is the server overloaded? Running 5012ms or 100 ticks behind
[13:41:35] [Server thread/WARN]: Can't keep up! Is the server overloaded? Running 8914ms or 178 ticks behind
[13:52:15] [Server thread/INFO]: Sassui issued server command: /home peakcastle
[13:52:45] [Server thread/WARN]: Can't keep up! Is the server overloaded? Running 5017ms or 100 ticks behind
[13:52:55] [Server thread/INFO]: Sassui issued server command: /back
[14:08:41] [Server thread/INFO]: Sassui issued server command: /home peakcastle
[14:08:52] [Server thread/INFO]: Sassui issued server command: /back
[14:17:37] [Server thread/INFO]: Sassui issued server command: /home peakcastle
[14:18:02] [Server thread/WARN]: Can't keep up! Is the server overloaded? Running 5169ms or 103 ticks behind
[14:18:17] [Server thread/INFO]: Sassui issued server command: /back
[14:26:20] [Server thread/WARN]: Can't keep up! Is the server overloaded? Running 5058ms or 101 ticks behind
[14:27:39] [Server thread/WARN]: Can't keep up! Is the server overloaded? Running 5007ms or 100 ticks behind
[14:28:20] [Server thread/WARN]: Can't keep up! Is the server overloaded? Running 10750ms or 215 ticks behind
[14:28:58] [Server thread/WARN]: Can't keep up! Is the server overloaded? Running 8646ms or 172 ticks behind
[14:30:21] [Server thread/WARN]: Can't keep up! Is the server overloaded? Running 5010ms or 100 ticks behind
[14:31:03] [Server thread/WARN]: Can't keep up! Is the server overloaded? Running 11999ms or 239 ticks behind
[14:31:41] [Server thread/WARN]: Can't keep up! Is the server overloaded? Running 8296ms or 165 ticks behind
[14:32:49] [Server thread/WARN]: Can't keep up! Is the server overloaded? Running 5014ms or 100 ticks behind
[14:37:21] [Server thread/WARN]: Can't keep up! Is the server overloaded? Running 6599ms or 131 ticks behind
[14:39:01] [Server thread/WARN]: Can't keep up! Is the server overloaded? Running 5039ms or 100 ticks behind
[14:39:47] [Server thread/WARN]: Can't keep up! Is the server overloaded? Running 16288ms or 325 ticks behind
[14:41:46] [Server thread/WARN]: Can't keep up! Is the server overloaded? Running 5007ms or 100 ticks behind
[14:42:28] [Server thread/WARN]: Can't keep up! Is the server overloaded? Running 5017ms or 100 ticks behind
[14:43:05] [Server thread/WARN]: Can't keep up! Is the server overloaded? Running 7903ms or 158 ticks behind
[14:44:08] [Server thread/WARN]: Can't keep up! Is the server overloaded? Running 33012ms or 660 ticks behind
[14:44:50] [Server thread/WARN]: Can't keep up! Is the server overloaded? Running 11610ms or 232 ticks behind
[14:45:49] [Server thread/WARN]: Can't keep up! Is the server overloaded? Running 28551ms or 571 ticks behind
[14:48:00] [Server thread/WARN]: Can't keep up! Is the server overloaded? Running 5008ms or 100 ticks behind
[14:48:40] [Server thread/WARN]: Can't keep up! Is the server overloaded? Running 9408ms or 188 ticks behind
[14:49:20] [Server thread/WARN]: Can't keep up! Is the server overloaded? Running 10123ms or 202 ticks behind
[14:49:59] [Server thread/WARN]: Can't keep up! Is the server overloaded? Running 9691ms or 193 ticks behind
[14:50:37] [Server thread/WARN]: Can't keep up! Is the server overloaded? Running 8086ms or 161 ticks behind
[14:51:15] [Server thread/WARN]: Can't keep up! Is the server overloaded? Running 8084ms or 161 ticks behind
[14:51:52] [Server thread/WARN]: Can't keep up! Is the server overloaded? Running 6780ms or 135 ticks behind
[14:55:08] [Server thread/INFO]: Sassui lost connection: Disconnected
[14:55:08] [Server thread/INFO]: Sassui left the game
